c:\users\zahar\onedrive\рабочий стол\orders-homework21.11.21\oreders_2\x64\debug\vc142.pdb
c:\users\zahar\onedrive\рабочий стол\orders-homework21.11.21\oreders_2\x64\debug\vc142.idb
c:\users\zahar\onedrive\рабочий стол\orders-homework21.11.21\oreders_2\x64\debug\userservice.obj
c:\users\zahar\onedrive\рабочий стол\orders-homework21.11.21\oreders_2\x64\debug\users.obj
c:\users\zahar\onedrive\рабочий стол\orders-homework21.11.21\oreders_2\x64\debug\start_page.obj
c:\users\zahar\onedrive\рабочий стол\orders-homework21.11.21\oreders_2\x64\debug\repos.obj
c:\users\zahar\onedrive\рабочий стол\orders-homework21.11.21\oreders_2\x64\debug\other.obj
c:\users\zahar\onedrive\рабочий стол\orders-homework21.11.21\oreders_2\x64\debug\orderservice.obj
c:\users\zahar\onedrive\рабочий стол\orders-homework21.11.21\oreders_2\x64\debug\orders.obj
c:\users\zahar\onedrive\рабочий стол\orders-homework21.11.21\oreders_2\x64\debug\main.obj
c:\users\zahar\onedrive\рабочий стол\orders-homework21.11.21\oreders_2\x64\debug\base64.obj
c:\users\zahar\onedrive\рабочий стол\orders-homework21.11.21\x64\debug\oreders_2.exe
c:\users\zahar\onedrive\рабочий стол\orders-homework21.11.21\oreders_2\x64\debug\oreders_2.ilk
c:\users\zahar\onedrive\рабочий стол\orders-homework21.11.21\x64\debug\oreders_2.pdb
c:\users\zahar\onedrive\рабочий стол\orders-homework21.11.21\oreders_2\x64\debug\oreders_2.tlog\cl.command.1.tlog
c:\users\zahar\onedrive\рабочий стол\orders-homework21.11.21\oreders_2\x64\debug\oreders_2.tlog\cl.read.1.tlog
c:\users\zahar\onedrive\рабочий стол\orders-homework21.11.21\oreders_2\x64\debug\oreders_2.tlog\cl.write.1.tlog
c:\users\zahar\onedrive\рабочий стол\orders-homework21.11.21\oreders_2\x64\debug\oreders_2.tlog\link.command.1.tlog
c:\users\zahar\onedrive\рабочий стол\orders-homework21.11.21\oreders_2\x64\debug\oreders_2.tlog\link.read.1.tlog
c:\users\zahar\onedrive\рабочий стол\orders-homework21.11.21\oreders_2\x64\debug\oreders_2.tlog\link.write.1.tlog
